Determining if the pthread_create exist failed with the following output:
Change Dir: /home/ubics/catkin_ws/build/CMakeFiles/CMakeTmp

Run Build Command:"/usr/bin/make" "cmTC_9ac5d/fast"
/usr/bin/make -f CMakeFiles/cmTC_9ac5d.dir/build.make CMakeFiles/cmTC_9ac5d.dir/build
make[1]: 디렉터리 '/home/ubics/catkin_ws/build/CMakeFiles/CMakeTmp' 들어감
Building C object CMakeFiles/cmTC_9ac5d.dir/CheckSymbolExists.c.o
/usr/bin/cc     -o CMakeFiles/cmTC_9ac5d.dir/CheckSymbolExists.c.o   -c /home/ubics/catkin_ws/build/CMakeFiles/CMakeTmp/CheckSymbolExists.c
Linking C executable cmTC_9ac5d
/usr/bin/cmake -E cmake_link_script CMakeFiles/cmTC_9ac5d.dir/link.txt --verbose=1
/usr/bin/cc       CMakeFiles/cmTC_9ac5d.dir/CheckSymbolExists.c.o  -o cmTC_9ac5d -rdynamic 
CMakeFiles/cmTC_9ac5d.dir/CheckSymbolExists.c.o: In function `main':
CheckSymbolExists.c:(.text+0x16): undefined reference to `pthread_create'
collect2: error: ld returned 1 exit status
CMakeFiles/cmTC_9ac5d.dir/build.make:97: 'cmTC_9ac5d' 타겟에 대한 명령이 실패했습니다
make[1]: *** [cmTC_9ac5d] 오류 1
make[1]: 디렉터리 '/home/ubics/catkin_ws/build/CMakeFiles/CMakeTmp' 나감
Makefile:126: 'cmTC_9ac5d/fast' 타겟에 대한 명령이 실패했습니다
make: *** [cmTC_9ac5d/fast] 오류 2

File /home/ubics/catkin_ws/build/CMakeFiles/CMakeTmp/CheckSymbolExists.c:
/* */
#include <pthread.h>

int main(int argc, char** argv)
{
  (void)argv;
#ifndef pthread_create
  return ((int*)(&pthread_create))[argc];
#else
  (void)argc;
  return 0;
#endif
}

Determining if the function pthread_create exists in the pthreads failed with the following output:
Change Dir: /home/ubics/catkin_ws/build/CMakeFiles/CMakeTmp

Run Build Command:"/usr/bin/make" "cmTC_f9ed3/fast"
/usr/bin/make -f CMakeFiles/cmTC_f9ed3.dir/build.make CMakeFiles/cmTC_f9ed3.dir/build
make[1]: 디렉터리 '/home/ubics/catkin_ws/build/CMakeFiles/CMakeTmp' 들어감
Building C object CMakeFiles/cmTC_f9ed3.dir/CheckFunctionExists.c.o
/usr/bin/cc    -DCHECK_FUNCTION_EXISTS=pthread_create   -o CMakeFiles/cmTC_f9ed3.dir/CheckFunctionExists.c.o   -c /usr/share/cmake-3.5/Modules/CheckFunctionExists.c
Linking C executable cmTC_f9ed3
/usr/bin/cmake -E cmake_link_script CMakeFiles/cmTC_f9ed3.dir/link.txt --verbose=1
/usr/bin/cc   -DCHECK_FUNCTION_EXISTS=pthread_create    CMakeFiles/cmTC_f9ed3.dir/CheckFunctionExists.c.o  -o cmTC_f9ed3 -rdynamic -lpthreads 
/usr/bin/ld: cannot find -lpthreads
collect2: error: ld returned 1 exit status
CMakeFiles/cmTC_f9ed3.dir/build.make:97: 'cmTC_f9ed3' 타겟에 대한 명령이 실패했습니다
make[1]: *** [cmTC_f9ed3] 오류 1
make[1]: 디렉터리 '/home/ubics/catkin_ws/build/CMakeFiles/CMakeTmp' 나감
Makefile:126: 'cmTC_f9ed3/fast' 타겟에 대한 명령이 실패했습니다
make: *** [cmTC_f9ed3/fast] 오류 2


Determining if the Q_WS_WIN exist failed with the following output:
Change Dir: /home/ubics/catkin_ws/build/CMakeFiles/CMakeTmp

Run Build Command:"/usr/bin/make" "cmTC_25299/fast"
/usr/bin/make -f CMakeFiles/cmTC_25299.dir/build.make CMakeFiles/cmTC_25299.dir/build
make[1]: 디렉터리 '/home/ubics/catkin_ws/build/CMakeFiles/CMakeTmp' 들어감
Building CXX object CMakeFiles/cmTC_25299.dir/CheckSymbolExists.cxx.o
/usr/bin/c++    -I/usr/include/qt4   -o CMakeFiles/cmTC_25299.dir/CheckSymbolExists.cxx.o -c /home/ubics/catkin_ws/build/CMakeFiles/CMakeTmp/CheckSymbolExists.cxx
/home/ubics/catkin_ws/build/CMakeFiles/CMakeTmp/CheckSymbolExists.cxx: In function ‘int main(int, char**)’:
/home/ubics/catkin_ws/build/CMakeFiles/CMakeTmp/CheckSymbolExists.cxx:8:19: error: ‘Q_WS_WIN’ was not declared in this scope
   return ((int*)(&Q_WS_WIN))[argc];
                   ^
CMakeFiles/cmTC_25299.dir/build.make:65: 'CMakeFiles/cmTC_25299.dir/CheckSymbolExists.cxx.o' 타겟에 대한 명령이 실패했습니다
make[1]: *** [CMakeFiles/cmTC_25299.dir/CheckSymbolExists.cxx.o] 오류 1
make[1]: 디렉터리 '/home/ubics/catkin_ws/build/CMakeFiles/CMakeTmp' 나감
Makefile:126: 'cmTC_25299/fast' 타겟에 대한 명령이 실패했습니다
make: *** [cmTC_25299/fast] 오류 2

File /home/ubics/catkin_ws/build/CMakeFiles/CMakeTmp/CheckSymbolExists.cxx:
/* */
#include <QtCore/qglobal.h>

int main(int argc, char** argv)
{
  (void)argv;
#ifndef Q_WS_WIN
  return ((int*)(&Q_WS_WIN))[argc];
#else
  (void)argc;
  return 0;
#endif
}

Determining if the Q_WS_QWS exist failed with the following output:
Change Dir: /home/ubics/catkin_ws/build/CMakeFiles/CMakeTmp

Run Build Command:"/usr/bin/make" "cmTC_73e80/fast"
/usr/bin/make -f CMakeFiles/cmTC_73e80.dir/build.make CMakeFiles/cmTC_73e80.dir/build
make[1]: 디렉터리 '/home/ubics/catkin_ws/build/CMakeFiles/CMakeTmp' 들어감
Building CXX object CMakeFiles/cmTC_73e80.dir/CheckSymbolExists.cxx.o
/usr/bin/c++    -I/usr/include/qt4   -o CMakeFiles/cmTC_73e80.dir/CheckSymbolExists.cxx.o -c /home/ubics/catkin_ws/build/CMakeFiles/CMakeTmp/CheckSymbolExists.cxx
/home/ubics/catkin_ws/build/CMakeFiles/CMakeTmp/CheckSymbolExists.cxx: In function ‘int main(int, char**)’:
/home/ubics/catkin_ws/build/CMakeFiles/CMakeTmp/CheckSymbolExists.cxx:8:19: error: ‘Q_WS_QWS’ was not declared in this scope
   return ((int*)(&Q_WS_QWS))[argc];
                   ^
CMakeFiles/cmTC_73e80.dir/build.make:65: 'CMakeFiles/cmTC_73e80.dir/CheckSymbolExists.cxx.o' 타겟에 대한 명령이 실패했습니다
make[1]: *** [CMakeFiles/cmTC_73e80.dir/CheckSymbolExists.cxx.o] 오류 1
make[1]: 디렉터리 '/home/ubics/catkin_ws/build/CMakeFiles/CMakeTmp' 나감
Makefile:126: 'cmTC_73e80/fast' 타겟에 대한 명령이 실패했습니다
make: *** [cmTC_73e80/fast] 오류 2

File /home/ubics/catkin_ws/build/CMakeFiles/CMakeTmp/CheckSymbolExists.cxx:
/* */
#include <QtCore/qglobal.h>

int main(int argc, char** argv)
{
  (void)argv;
#ifndef Q_WS_QWS
  return ((int*)(&Q_WS_QWS))[argc];
#else
  (void)argc;
  return 0;
#endif
}

Determining if the Q_WS_MAC exist failed with the following output:
Change Dir: /home/ubics/catkin_ws/build/CMakeFiles/CMakeTmp

Run Build Command:"/usr/bin/make" "cmTC_ee269/fast"
/usr/bin/make -f CMakeFiles/cmTC_ee269.dir/build.make CMakeFiles/cmTC_ee269.dir/build
make[1]: 디렉터리 '/home/ubics/catkin_ws/build/CMakeFiles/CMakeTmp' 들어감
Building CXX object CMakeFiles/cmTC_ee269.dir/CheckSymbolExists.cxx.o
/usr/bin/c++    -I/usr/include/qt4   -o CMakeFiles/cmTC_ee269.dir/CheckSymbolExists.cxx.o -c /home/ubics/catkin_ws/build/CMakeFiles/CMakeTmp/CheckSymbolExists.cxx
/home/ubics/catkin_ws/build/CMakeFiles/CMakeTmp/CheckSymbolExists.cxx: In function ‘int main(int, char**)’:
/home/ubics/catkin_ws/build/CMakeFiles/CMakeTmp/CheckSymbolExists.cxx:8:19: error: ‘Q_WS_MAC’ was not declared in this scope
   return ((int*)(&Q_WS_MAC))[argc];
                   ^
CMakeFiles/cmTC_ee269.dir/build.make:65: 'CMakeFiles/cmTC_ee269.dir/CheckSymbolExists.cxx.o' 타겟에 대한 명령이 실패했습니다
make[1]: *** [CMakeFiles/cmTC_ee269.dir/CheckSymbolExists.cxx.o] 오류 1
make[1]: 디렉터리 '/home/ubics/catkin_ws/build/CMakeFiles/CMakeTmp' 나감
Makefile:126: 'cmTC_ee269/fast' 타겟에 대한 명령이 실패했습니다
make: *** [cmTC_ee269/fast] 오류 2

File /home/ubics/catkin_ws/build/CMakeFiles/CMakeTmp/CheckSymbolExists.cxx:
/* */
#include <QtCore/qglobal.h>

int main(int argc, char** argv)
{
  (void)argv;
#ifndef Q_WS_MAC
  return ((int*)(&Q_WS_MAC))[argc];
#else
  (void)argc;
  return 0;
#endif
}

